{
  "RSpec": {
    "coverage": {
      "/Users/mohamedahmed/Desktop/AthikaJishida/Survey_task/survey_management_system/app/helpers/admin/categories_helper.rb": {
        "lines": [
          1,
          null
        ]
      },
      "/Users/mohamedahmed/Desktop/AthikaJishida/Survey_task/survey_management_system/app/helpers/admin/dashboard_helper.rb": {
        "lines": [
          1,
          null
        ]
      },
      "/Users/mohamedahmed/Desktop/AthikaJishida/Survey_task/survey_management_system/app/helpers/admin/questions_helper.rb": {
        "lines": [
          1,
          null
        ]
      },
      "/Users/mohamedahmed/Desktop/AthikaJishida/Survey_task/survey_management_system/app/helpers/admin/surveys_helper.rb": {
        "lines": [
          1,
          null
        ]
      },
      "/Users/mohamedahmed/Desktop/AthikaJishida/Survey_task/survey_management_system/app/helpers/admin/tags_helper.rb": {
        "lines": [
          1,
          null
        ]
      },
      "/Users/mohamedahmed/Desktop/AthikaJishida/Survey_task/survey_management_system/app/helpers/application_helper.rb": {
        "lines": [
          1,
          null
        ]
      },
      "/Users/mohamedahmed/Desktop/AthikaJishida/Survey_task/survey_management_system/app/helpers/home_helper.rb": {
        "lines": [
          1,
          null
        ]
      },
      "/Users/mohamedahmed/Desktop/AthikaJishida/Survey_task/survey_management_system/app/controllers/home_controller.rb": {
        "lines": [
          1,
          1,
          null,
          null
        ]
      },
      "/Users/mohamedahmed/Desktop/AthikaJishida/Survey_task/survey_management_system/app/controllers/application_controller.rb": {
        "lines": [
          1,
          1,
          0,
          null,
          null,
          1,
          0,
          null,
          null
        ]
      },
      "/Users/mohamedahmed/Desktop/AthikaJishida/Survey_task/survey_management_system/app/controllers/kpis_controller.rb": {
        "lines": [
          1,
          1,
          1,
          1,
          1,
          1,
          1,
          1,
          null,
          1,
          1,
          2,
          null,
          null,
          null,
          null,
          null,
          null,
          null,
          null,
          null,
          1,
          1,
          1,
          1,
          null,
          1,
          1,
          1,
          1,
          null,
          0,
          null,
          null,
          1,
          1,
          1,
          1,
          null,
          null,
          null,
          null,
          null,
          null,
          null
        ]
      },
      "/Users/mohamedahmed/Desktop/AthikaJishida/Survey_task/survey_management_system/app/controllers/responses_controller.rb": {
        "lines": [
          1,
          1,
          2,
          2,
          null,
          2,
          1,
          null,
          1,
          null,
          null,
          null,
          1,
          null,
          1,
          2,
          null
        ]
      },
      "/Users/mohamedahmed/Desktop/AthikaJishida/Survey_task/survey_management_system/app/controllers/surveys_controller.rb": {
        "lines": [
          1,
          1,
          1,
          null,
          null,
          1,
          2,
          2,
          1,
          null,
          null
        ]
      },
      "/Users/mohamedahmed/Desktop/AthikaJishida/Survey_task/survey_management_system/app/models/answer.rb": {
        "lines": [
          1,
          1,
          1,
          null,
          1,
          1,
          null
        ]
      },
      "/Users/mohamedahmed/Desktop/AthikaJishida/Survey_task/survey_management_system/app/models/application_record.rb": {
        "lines": [
          1,
          1,
          null
        ]
      },
      "/Users/mohamedahmed/Desktop/AthikaJishida/Survey_task/survey_management_system/app/models/category.rb": {
        "lines": [
          1,
          1,
          1,
          1,
          null,
          1,
          null
        ]
      },
      "/Users/mohamedahmed/Desktop/AthikaJishida/Survey_task/survey_management_system/app/models/question.rb": {
        "lines": [
          1,
          1,
          1,
          1,
          1,
          1,
          null,
          1,
          null
        ]
      },
      "/Users/mohamedahmed/Desktop/AthikaJishida/Survey_task/survey_management_system/app/models/question_tag.rb": {
        "lines": [
          1,
          1,
          1,
          null
        ]
      },
      "/Users/mohamedahmed/Desktop/AthikaJishida/Survey_task/survey_management_system/app/models/response_detail.rb": {
        "lines": [
          1,
          1,
          1,
          1,
          null,
          1,
          null
        ]
      },
      "/Users/mohamedahmed/Desktop/AthikaJishida/Survey_task/survey_management_system/app/models/response.rb": {
        "lines": [
          1,
          1,
          1,
          1,
          null,
          1,
          2,
          null,
          null
        ]
      },
      "/Users/mohamedahmed/Desktop/AthikaJishida/Survey_task/survey_management_system/app/models/survey.rb": {
        "lines": [
          1,
          1,
          1,
          1,
          null,
          1,
          null
        ]
      },
      "/Users/mohamedahmed/Desktop/AthikaJishida/Survey_task/survey_management_system/app/models/tag.rb": {
        "lines": [
          1,
          1,
          1,
          null,
          1,
          null
        ]
      },
      "/Users/mohamedahmed/Desktop/AthikaJishida/Survey_task/survey_management_system/app/models/user_category_score.rb": {
        "lines": [
          1,
          1,
          1,
          1,
          null,
          1,
          1,
          null,
          1,
          null,
          1,
          34,
          null,
          null,
          1,
          8,
          null,
          1,
          null,
          1,
          null,
          3,
          null,
          3,
          null,
          null,
          null
        ]
      },
      "/Users/mohamedahmed/Desktop/AthikaJishida/Survey_task/survey_management_system/app/models/user.rb": {
        "lines": [
          1,
          1,
          null,
          null,
          1,
          1,
          null,
          1,
          null
        ]
      },
      "/Users/mohamedahmed/Desktop/AthikaJishida/Survey_task/survey_management_system/app/services/kpi_calculator.rb": {
        "lines": [
          1,
          1,
          2,
          null,
          null,
          null,
          null,
          null,
          null,
          1,
          1,
          null,
          null,
          null,
          null,
          null,
          1,
          0,
          0,
          null,
          0,
          null,
          null,
          null,
          null,
          null,
          null,
          0,
          0,
          null,
          null,
          null,
          0,
          null,
          null,
          1,
          1,
          null,
          1,
          1,
          2,
          null,
          2,
          null,
          null,
          null,
          null,
          null,
          null,
          1,
          null,
          null,
          1,
          1,
          1,
          null,
          1,
          1,
          1,
          1,
          null,
          1,
          null,
          null,
          null,
          null,
          null,
          null,
          null,
          null,
          1,
          2,
          null,
          null,
          2,
          null,
          4,
          null,
          null,
          null,
          null,
          null,
          null,
          null,
          null,
          1,
          1,
          1,
          null,
          1,
          null,
          null,
          null,
          1,
          1,
          1,
          null,
          1,
          5,
          null,
          null,
          2,
          null,
          null,
          null,
          null,
          null,
          null,
          1,
          null
        ]
      },
      "/Users/mohamedahmed/Desktop/AthikaJishida/Survey_task/survey_management_system/app/services/survey_response_processor.rb": {
        "lines": [
          1,
          1,
          null,
          1,
          5,
          5,
          null,
          5,
          5,
          null,
          null,
          1,
          3,
          2,
          null,
          1,
          1,
          1,
          1,
          1,
          1,
          null,
          0,
          null,
          null,
          null,
          1,
          null,
          1,
          1,
          null,
          null,
          1,
          1,
          1,
          1,
          1,
          null,
          1,
          null,
          null,
          null,
          null,
          null,
          null,
          null,
          null,
          1,
          null,
          1,
          null,
          1,
          1,
          1,
          1,
          null,
          null,
          null,
          1,
          1,
          null,
          2,
          1,
          null,
          1,
          null,
          null,
          null,
          null,
          null,
          null,
          null,
          null
        ]
      },
      "/Users/mohamedahmed/Desktop/AthikaJishida/Survey_task/survey_management_system/app/controllers/admin/base_controller.rb": {
        "lines": [
          0,
          0,
          0,
          0,
          null,
          0,
          null,
          0,
          null,
          0,
          0,
          0,
          0,
          0
        ],
        "branches": {}
      },
      "/Users/mohamedahmed/Desktop/AthikaJishida/Survey_task/survey_management_system/app/controllers/admin/categories_controller.rb": {
        "lines": [
          0,
          0,
          null,
          0,
          0,
          0,
          null,
          0,
          null,
          0,
          0,
          0,
          null,
          0,
          null,
          0,
          0,
          0,
          0,
          0,
          0,
          0,
          0,
          null,
          0,
          0,
          0,
          0,
          0,
          0,
          0,
          null,
          0,
          0,
          0,
          0,
          null,
          0,
          null,
          0,
          0,
          0,
          null,
          0,
          0,
          0,
          0
        ],
        "branches": {}
      },
      "/Users/mohamedahmed/Desktop/AthikaJishida/Survey_task/survey_management_system/app/controllers/admin/dashboard_controller.rb": {
        "lines": [
          0,
          0,
          0,
          0,
          null,
          0,
          0,
          0,
          0,
          0,
          0,
          0,
          0,
          0
        ],
        "branches": {}
      },
      "/Users/mohamedahmed/Desktop/AthikaJishida/Survey_task/survey_management_system/app/controllers/admin/questions_controller.rb": {
        "lines": [
          0,
          0,
          null,
          0,
          0,
          0,
          null,
          0,
          null,
          0,
          0,
          0,
          null,
          0,
          null,
          0,
          0,
          null,
          0,
          0,
          0,
          0,
          0,
          0,
          null,
          0,
          0,
          0,
          0,
          0,
          0,
          0,
          null,
          0,
          0,
          0,
          0,
          null,
          0,
          null,
          0,
          0,
          0,
          null,
          0,
          0,
          0,
          0
        ],
        "branches": {}
      },
      "/Users/mohamedahmed/Desktop/AthikaJishida/Survey_task/survey_management_system/app/controllers/admin/surveys_controller.rb": {
        "lines": [
          0,
          0,
          null,
          0,
          0,
          0,
          null,
          0,
          0,
          null,
          0,
          0,
          0,
          null,
          0,
          0,
          null,
          0,
          0,
          null,
          0,
          0,
          0,
          0,
          0,
          0,
          null,
          0,
          0,
          0,
          0,
          0,
          0,
          0,
          null,
          0,
          0,
          0,
          0,
          null,
          0,
          null,
          0,
          0,
          0,
          null,
          0,
          0,
          0,
          0
        ],
        "branches": {}
      },
      "/Users/mohamedahmed/Desktop/AthikaJishida/Survey_task/survey_management_system/app/controllers/admin/tags_controller.rb": {
        "lines": [
          0,
          0,
          null,
          null,
          0,
          0,
          0,
          null,
          null,
          0,
          0,
          null,
          null,
          0,
          0,
          0,
          null,
          null,
          0,
          0,
          null,
          null,
          0,
          0,
          null,
          0,
          0,
          0,
          0,
          0,
          0,
          0,
          0,
          0,
          0,
          null,
          null,
          0,
          0,
          0,
          0,
          0,
          0,
          0,
          0,
          0,
          0,
          0,
          null,
          null,
          0,
          0,
          null,
          0,
          0,
          0,
          0,
          0,
          null,
          0,
          null,
          0,
          0,
          0,
          null,
          null,
          0,
          0,
          0,
          0
        ],
        "branches": {}
      },
      "/Users/mohamedahmed/Desktop/AthikaJishida/Survey_task/survey_management_system/app/jobs/application_job.rb": {
        "lines": [
          0,
          null,
          null,
          null,
          null,
          null,
          0
        ],
        "branches": {}
      },
      "/Users/mohamedahmed/Desktop/AthikaJishida/Survey_task/survey_management_system/app/mailers/application_mailer.rb": {
        "lines": [
          0,
          0,
          0,
          0
        ],
        "branches": {}
      }
    },
    "timestamp": 1744276009
  }
}
